<?xml version="1.0" encoding="UTF-8"?>
<!-- Generated by org.testng.reporters.JUnitXMLReporter -->
<testsuite hostname="Temi-PC" ignored="0" name="Default test" tests="6" failures="0" timestamp="11 Mar 2020 00:06:55 GMT" time="39.014" errors="0">
  <testcase name="loginPageTitleTest" time="0.288" classname="com.ixl.qa.testcases.LogingPageTest"/>
  <testcase name="IXLLogoImage" time="0.32" classname="com.ixl.qa.testcases.LogingPageTest"/>
  <testcase name="CompMessageTest" time="0.072" classname="com.ixl.qa.testcases.LogingPageTest"/>
  <testcase name="BecomeaMemberBtnTest" time="0.071" classname="com.ixl.qa.testcases.LogingPageTest"/>
  <testcase name="BecomeMemberTest" time="3.916" classname="com.ixl.qa.testcases.LogingPageTest"/>
  <testcase name="loginTest" time="1.2" classname="com.ixl.qa.testcases.LogingPageTest"/>
</testsuite> <!-- Default test -->
